"D:/Zibra/UnrealDemos/ZibraDemo427/Content/Zibra/Mannequin/Character/Mesh/SK_Mannequin_Female_PhysicsAsset.uasset" 0
"D:/Zibra/UnrealDemos/ZibraDemo427/Content/Zibra/Mannequin/Character/Mesh/SK_Mannequin_Female_PhysicsAsset.uexp" 1
"D:/Zibra/UnrealDemos/ZibraDemo427/Content/Zibra/Mannequin/Character/Textures/T_UE4Logo_N.uasset" 2
"D:/Zibra/UnrealDemos/ZibraDemo427/Content/Zibra/Mannequin/Character/Textures/T_UE4Logo_N.uexp" 3
"D:/Zibra/UnrealDemos/ZibraDemo427/Content/Zibra/Mannequin/Character/Textures/T_UE4Logo_N.ubulk" 4
"D:/Zibra/UnrealDemos/ZibraDemo427/Content/Zibra/Mannequin/Character/Textures/T_UE4Logo_Mask.uasset" 5
"D:/Zibra/UnrealDemos/ZibraDemo427/Content/Zibra/Mannequin/Character/Textures/T_UE4Logo_Mask.uexp" 6
"D:/Zibra/UnrealDemos/ZibraDemo427/Content/Zibra/Mannequin/Character/Textures/T_UE4Logo_Mask.ubulk" 7
"D:/Zibra/UnrealDemos/ZibraDemo427/Content/Zibra/Mannequin/Character/Textures/T_Male_N.uasset" 8
"D:/Zibra/UnrealDemos/ZibraDemo427/Content/Zibra/Mannequin/Character/Textures/T_Male_N.uexp" 9
"D:/Zibra/UnrealDemos/ZibraDemo427/Content/Zibra/Mannequin/Character/Textures/T_Male_N.ubulk" 10
"D:/Zibra/UnrealDemos/ZibraDemo427/Content/Zibra/Mannequin/Character/Textures/T_Male_Mask.uasset" 11
"D:/Zibra/UnrealDemos/ZibraDemo427/Content/Zibra/Mannequin/Character/Textures/T_Male_Mask.uexp" 12
"D:/Zibra/UnrealDemos/ZibraDemo427/Content/Zibra/Mannequin/Character/Textures/T_Male_Mask.ubulk" 13
"D:/Zibra/UnrealDemos/ZibraDemo427/Content/Zibra/Mannequin/Character/Materials/MaterialLayers/T_ML_Rubber_Blue_01_N.uasset" 14
"D:/Zibra/UnrealDemos/ZibraDemo427/Content/Zibra/Mannequin/Character/Materials/MaterialLayers/T_ML_Rubber_Blue_01_N.uexp" 15
"D:/Zibra/UnrealDemos/ZibraDemo427/Content/Zibra/Mannequin/Character/Materials/MaterialLayers/T_ML_Rubber_Blue_01_N.ubulk" 16
"D:/Zibra/UnrealDemos/ZibraDemo427/Content/Zibra/Mannequin/Character/Materials/MaterialLayers/T_ML_Rubber_Blue_01_D.uasset" 17
"D:/Zibra/UnrealDemos/ZibraDemo427/Content/Zibra/Mannequin/Character/Materials/MaterialLayers/T_ML_Rubber_Blue_01_D.uexp" 18
"D:/Zibra/UnrealDemos/ZibraDemo427/Content/Zibra/Mannequin/Character/Materials/MaterialLayers/T_ML_Rubber_Blue_01_D.ubulk" 19
"D:/Zibra/UnrealDemos/ZibraDemo427/Content/Zibra/Mannequin/Character/Materials/MaterialLayers/T_ML_Aluminum01_N.uasset" 20
"D:/Zibra/UnrealDemos/ZibraDemo427/Content/Zibra/Mannequin/Character/Materials/MaterialLayers/T_ML_Aluminum01_N.uexp" 21
"D:/Zibra/UnrealDemos/ZibraDemo427/Content/Zibra/Mannequin/Character/Materials/MaterialLayers/T_ML_Aluminum01_N.ubulk" 22
"D:/Zibra/UnrealDemos/ZibraDemo427/Content/Zibra/Mannequin/Character/Materials/MaterialLayers/T_ML_Aluminum01.uasset" 23
"D:/Zibra/UnrealDemos/ZibraDemo427/Content/Zibra/Mannequin/Character/Materials/MaterialLayers/T_ML_Aluminum01.uexp" 24
"D:/Zibra/UnrealDemos/ZibraDemo427/Content/Zibra/Mannequin/Character/Materials/MaterialLayers/T_ML_Aluminum01.ubulk" 25
"D:/Zibra/UnrealDemos/ZibraDemo427/Content/Zibra/Mannequin/Character/Materials/MaterialLayers/ML_SoftMetal_UE4.uasset" 26
"D:/Zibra/UnrealDemos/ZibraDemo427/Content/Zibra/Mannequin/Character/Materials/MaterialLayers/ML_SoftMetal_UE4.uexp" 27
"D:/Zibra/UnrealDemos/ZibraDemo427/Content/Zibra/Mannequin/Character/Materials/MaterialLayers/ML_Plastic_Shiny_Beige_LOGO.uasset" 28
"D:/Zibra/UnrealDemos/ZibraDemo427/Content/Zibra/Mannequin/Character/Materials/MaterialLayers/ML_Plastic_Shiny_Beige_LOGO.uexp" 29
"D:/Zibra/UnrealDemos/ZibraDemo427/Content/Zibra/Mannequin/Character/Materials/MaterialLayers/ML_Plastic_Shiny_Beige.uasset" 30
"D:/Zibra/UnrealDemos/ZibraDemo427/Content/Zibra/Mannequin/Character/Materials/MaterialLayers/ML_Plastic_Shiny_Beige.uexp" 31
"D:/Zibra/UnrealDemos/ZibraDemo427/Content/Zibra/Mannequin/Character/Materials/MaterialLayers/ML_GlossyBlack_Latex_UE4.uasset" 32
"D:/Zibra/UnrealDemos/ZibraDemo427/Content/Zibra/Mannequin/Character/Materials/MaterialLayers/ML_GlossyBlack_Latex_UE4.uexp" 33
"../../../Engine/Content/Functions/MaterialLayerFunctions/MatLayerBlend_Simple.uasset" 34
"../../../Engine/Content/Functions/MaterialLayerFunctions/MatLayerBlend_Simple.uexp" 35
"../../../Engine/Content/Functions/Engine_MaterialFunctions02/Utility/BlendAngleCorrectedNormals.uasset" 36
"../../../Engine/Content/Functions/Engine_MaterialFunctions02/Utility/BlendAngleCorrectedNormals.uexp" 37
"../../../Engine/Content/Functions/MaterialLayerFunctions/MatLayerBlend_NormalBlend.uasset" 38
"../../../Engine/Content/Functions/MaterialLayerFunctions/MatLayerBlend_NormalBlend.uexp" 39
"D:/Zibra/UnrealDemos/ZibraDemo427/Content/Zibra/Mannequin/Character/Materials/M_Male_Body.uasset" 40
"D:/Zibra/UnrealDemos/ZibraDemo427/Content/Zibra/Mannequin/Character/Materials/M_Male_Body.uexp" 41
"D:/Zibra/UnrealDemos/ZibraDemo427/Content/Zibra/Mannequin/Character/Materials/M_UE4Man_ChestLogo.uasset" 42
"D:/Zibra/UnrealDemos/ZibraDemo427/Content/Zibra/Mannequin/Character/Materials/M_UE4Man_ChestLogo.uexp" 43
"D:/Zibra/UnrealDemos/ZibraDemo427/Content/Zibra/Mannequin/Character/Textures/T_Female_N.uasset" 44
"D:/Zibra/UnrealDemos/ZibraDemo427/Content/Zibra/Mannequin/Character/Textures/T_Female_N.uexp" 45
"D:/Zibra/UnrealDemos/ZibraDemo427/Content/Zibra/Mannequin/Character/Textures/T_Female_N.ubulk" 46
"D:/Zibra/UnrealDemos/ZibraDemo427/Content/Zibra/Mannequin/Character/Textures/T_Female_Mask.uasset" 47
"D:/Zibra/UnrealDemos/ZibraDemo427/Content/Zibra/Mannequin/Character/Textures/T_Female_Mask.uexp" 48
"D:/Zibra/UnrealDemos/ZibraDemo427/Content/Zibra/Mannequin/Character/Textures/T_Female_Mask.ubulk" 49
"D:/Zibra/UnrealDemos/ZibraDemo427/Content/Zibra/Mannequin/Character/Materials/MI_Female_Body.uasset" 50
"D:/Zibra/UnrealDemos/ZibraDemo427/Content/Zibra/Mannequin/Character/Materials/MI_Female_Body.uexp" 51
"D:/Zibra/UnrealDemos/ZibraDemo427/Content/Zibra/Mannequin/Character/Mesh/UE4_Mannequin_Skeleton.uasset" 52
"D:/Zibra/UnrealDemos/ZibraDemo427/Content/Zibra/Mannequin/Character/Mesh/UE4_Mannequin_Skeleton.uexp" 53
"D:/Zibra/UnrealDemos/ZibraDemo427/Content/Zibra/Mannequin/Character/Mesh/SK_Mannequin_Female.uasset" 54
"D:/Zibra/UnrealDemos/ZibraDemo427/Content/Zibra/Mannequin/Character/Mesh/SK_Mannequin_Female.uexp" 55
"D:/Zibra/UnrealDemos/ZibraDemo427/Content/Zibra/Materials/M_Basic_Wall.uasset" 56
"D:/Zibra/UnrealDemos/ZibraDemo427/Content/Zibra/Materials/M_Basic_Wall.uexp" 57
"D:/Zibra/UnrealDemos/ZibraDemo427/Content/Zibra/Meshes/Shape_NarrowCapsule.uasset" 58
"D:/Zibra/UnrealDemos/ZibraDemo427/Content/Zibra/Meshes/Shape_NarrowCapsule.uexp" 59
"../../../Engine/Content/EngineMaterials/T_Default_Material_Grid_N.uasset" 60
"../../../Engine/Content/EngineMaterials/T_Default_Material_Grid_N.uexp" 61
"../../../Engine/Content/EngineMaterials/T_Default_Material_Grid_N.ubulk" 62
"../../../Engine/Content/EngineMaterials/T_Default_Material_Grid_M.uasset" 63
"../../../Engine/Content/EngineMaterials/T_Default_Material_Grid_M.uexp" 64
"../../../Engine/Content/EngineMaterials/T_Default_Material_Grid_M.ubulk" 65
"../../../Engine/Content/Functions/Engine_MaterialFunctions01/Opacity/CameraDepthFade.uasset" 66
"../../../Engine/Content/Functions/Engine_MaterialFunctions01/Opacity/CameraDepthFade.uexp" 67
"../../../Engine/Content/EngineMaterials/WorldGridMaterial.uasset" 68
"../../../Engine/Content/EngineMaterials/WorldGridMaterial.uexp" 69
"../../../Engine/Content/ArtTools/RenderToTexture/Meshes/S_1_Unit_Plane.uasset" 70
"../../../Engine/Content/ArtTools/RenderToTexture/Meshes/S_1_Unit_Plane.uexp" 71
"../../../Engine/Content/EngineMaterials/DefaultMaterial.uasset" 72
"../../../Engine/Content/EngineMaterials/DefaultMaterial.uexp" 73
"../../../Engine/Content/BasicShapes/Cone.uasset" 74
"../../../Engine/Content/BasicShapes/Cone.uexp" 75
"../../../Engine/Content/BasicShapes/Plane.uasset" 76
"../../../Engine/Content/BasicShapes/Plane.uexp" 77
"../../../Engine/Content/EditorLandscapeResources/DataLayer.uasset" 78
"../../../Engine/Content/EditorLandscapeResources/DataLayer.uexp" 79
"../../../Engine/Content/EditorLandscapeResources/DefaultAlphaTexture.uasset" 80
"../../../Engine/Content/EditorLandscapeResources/DefaultAlphaTexture.uexp" 81
"../../../Engine/Content/EditorMaterials/MAT_Groups_Toggle.uasset" 82
"../../../Engine/Content/EditorMaterials/MAT_Groups_Toggle.uexp" 83
"../../../Engine/Content/EditorMaterials/MAT_Groups_Visibility.uasset" 84
"../../../Engine/Content/EditorMaterials/MAT_Groups_Visibility.uexp" 85
"../../../Engine/Content/EditorMaterials/PreviewShadowIndicator.uasset" 86
"../../../Engine/Content/EditorMaterials/PreviewShadowIndicator.uexp" 87
"../../../Engine/Content/EditorMaterials/PreviewShadowIndicator.ubulk" 88
"../../../Engine/Content/EditorMaterials/PreviewShadowIndicatorMaterial.uasset" 89
"../../../Engine/Content/EditorMaterials/PreviewShadowIndicatorMaterial.uexp" 90
"../../../Engine/Content/EditorMaterials/MatineeGroups/MAT_ColorTrack.uasset" 91
"../../../Engine/Content/EditorMaterials/MatineeGroups/MAT_ColorTrack.uexp" 92
"../../../Engine/Content/EditorMaterials/MatineeGroups/MAT_Groups_Anim.uasset" 93
"../../../Engine/Content/EditorMaterials/MatineeGroups/MAT_Groups_Anim.uexp" 94
"../../../Engine/Content/EditorMaterials/MatineeGroups/MAT_Groups_AudioMaster.uasset" 95
"../../../Engine/Content/EditorMaterials/MatineeGroups/MAT_Groups_AudioMaster.uexp" 96
"../../../Engine/Content/EditorMaterials/MatineeGroups/MAT_Groups_Director.uasset" 97
"../../../Engine/Content/EditorMaterials/MatineeGroups/MAT_Groups_Director.uexp" 98
"../../../Engine/Content/EditorMaterials/MatineeGroups/MAT_Groups_Event.uasset" 99
"../../../Engine/Content/EditorMaterials/MatineeGroups/MAT_Groups_Event.uexp" 100
"../../../Engine/Content/EditorMaterials/MatineeGroups/MAT_Groups_Fade.uasset" 101
"../../../Engine/Content/EditorMaterials/MatineeGroups/MAT_Groups_Fade.uexp" 102
"../../../Engine/Content/EditorMaterials/MatineeGroups/MAT_Groups_Float.uasset" 103
"../../../Engine/Content/EditorMaterials/MatineeGroups/MAT_Groups_Float.uexp" 104
"../../../Engine/Content/EditorMaterials/MatineeGroups/MAT_Groups_Move.uasset" 105
"../../../Engine/Content/EditorMaterials/MatineeGroups/MAT_Groups_Move.uexp" 106
"../../../Engine/Content/EditorMaterials/MatineeGroups/MAT_Groups_Slomo.uasset" 107
"../../../Engine/Content/EditorMaterials/MatineeGroups/MAT_Groups_Slomo.uexp" 108
"../../../Engine/Content/EditorMaterials/MatineeGroups/MAT_Groups_Sound.uasset" 109
"../../../Engine/Content/EditorMaterials/MatineeGroups/MAT_Groups_Sound.uexp" 110
"../../../Engine/Content/EditorMaterials/MatineeGroups/MAT_Groups_Vector.uasset" 111
"../../../Engine/Content/EditorMaterials/MatineeGroups/MAT_Groups_Vector.uexp" 112
"../../../Engine/Content/EditorMaterials/ParticleSystems/PSysThumbnail_NoImage.uasset" 113
"../../../Engine/Content/EditorMaterials/ParticleSystems/PSysThumbnail_NoImage.uexp" 114
"../../../Engine/Content/EditorMaterials/ParticleSystems/PSysThumbnail_NoImage.ubulk" 115
"../../../Engine/Content/EditorMaterials/ParticleSystems/PSysThumbnail_OOD.uasset" 116
"../../../Engine/Content/EditorMaterials/ParticleSystems/PSysThumbnail_OOD.uexp" 117
"../../../Engine/Content/EditorMaterials/ParticleSystems/PSysThumbnail_OOD.ubulk" 118
"../../../Engine/Content/EditorMaterials/Camera/CineMat.uasset" 119
"../../../Engine/Content/EditorMaterials/Camera/CineMat.uexp" 120
"../../../Engine/Content/EditorMaterials/Camera/MI_CineMat_Rig.uasset" 121
"../../../Engine/Content/EditorMaterials/Camera/MI_CineMat_Rig.uexp" 122
"../../../Engine/Content/EditorMeshes/Camera/SM_CraneRig_Arm.uasset" 123
"../../../Engine/Content/EditorMeshes/Camera/SM_CraneRig_Arm.uexp" 124
"../../../Engine/Content/EditorMeshes/Camera/SM_CraneRig_Base.uasset" 125
"../../../Engine/Content/EditorMeshes/Camera/SM_CraneRig_Base.uexp" 126
"../../../Engine/Content/EditorMeshes/Camera/SM_CraneRig_Body.uasset" 127
"../../../Engine/Content/EditorMeshes/Camera/SM_CraneRig_Body.uexp" 128
"../../../Engine/Content/EditorMeshes/Camera/SM_CraneRig_Mount.uasset" 129
"../../../Engine/Content/EditorMeshes/Camera/SM_CraneRig_Mount.uexp" 130
"../../../Engine/Content/EditorMeshes/Camera/SM_RailRig_Mount.uasset" 131
"../../../Engine/Content/EditorMeshes/Camera/SM_RailRig_Mount.uexp" 132
"../../../Engine/Content/EditorMeshes/Camera/SM_RailRig_Track.uasset" 133
"../../../Engine/Content/EditorMeshes/Camera/SM_RailRig_Track.uexp" 134
"../../../Engine/Content/EditorResources/BSPVertex.uasset" 135
"../../../Engine/Content/EditorResources/BSPVertex.uexp" 136
"../../../Engine/Content/EditorResources/EmptyActor.uasset" 137
"../../../Engine/Content/EditorResources/EmptyActor.uexp" 138
"../../../Engine/Content/EditorResources/S_Actor.uasset" 139
"../../../Engine/Content/EditorResources/S_Actor.uexp" 140
"../../../Engine/Content/EditorResources/S_Actor.ubulk" 141
"../../../Engine/Content/EditorResources/S_Note.uasset" 142
"../../../Engine/Content/EditorResources/S_Note.uexp" 143
"../../../Engine/Content/EditorResources/S_Note.ubulk" 144
"../../../Engine/Content/EditorResources/S_Solver.uasset" 145
"../../../Engine/Content/EditorResources/S_Solver.uexp" 146
"../../../Engine/Content/EditorResources/S_Solver.ubulk" 147
"../../../Engine/Content/EditorResources/S_Terrain.uasset" 148
"../../../Engine/Content/EditorResources/S_Terrain.uexp" 149
"../../../Engine/Content/EditorResources/S_Terrain.ubulk" 150
"../../../Engine/Content/EditorResources/S_Trigger.uasset" 151
"../../../Engine/Content/EditorResources/S_Trigger.uexp" 152
"../../../Engine/Content/EditorResources/S_Trigger.ubulk" 153
"../../../Engine/Content/EditorResources/LightIcons/S_LightError.uasset" 154
"../../../Engine/Content/EditorResources/LightIcons/S_LightError.uexp" 155
"../../../Engine/Content/EditorResources/SequenceRecorder/Countdown.uasset" 156
"../../../Engine/Content/EditorResources/SequenceRecorder/Countdown.uexp" 157
"../../../Engine/Content/EditorResources/SequenceRecorder/RecordingIndicator.uasset" 158
"../../../Engine/Content/EditorResources/SequenceRecorder/RecordingIndicator.uexp" 159
"../../../Engine/Content/EngineDamageTypes/DmgTypeBP_Environmental.uasset" 160
"../../../Engine/Content/EngineDamageTypes/DmgTypeBP_Environmental.uexp" 161
"../../../Engine/Content/EngineDebugMaterials/DebugEditorMaterial.uasset" 162
"../../../Engine/Content/EngineDebugMaterials/DebugEditorMaterial.uexp" 163
"../../../Engine/Content/EngineDebugMaterials/DebugMeshMaterial.uasset" 164
"../../../Engine/Content/EngineDebugMaterials/DebugMeshMaterial.uexp" 165
"../../../Engine/Content/EngineDebugMaterials/M_SimpleUnlitTranslucent.uasset" 166
"../../../Engine/Content/EngineDebugMaterials/M_SimpleUnlitTranslucent.uexp" 167
"../../../Engine/Content/EngineDebugMaterials/VolumeToRender.uasset" 168
"../../../Engine/Content/EngineDebugMaterials/VolumeToRender.uexp" 169
"../../../Engine/Content/Functions/Engine_MaterialFunctions02/Utility/CameraDirectionVector.uasset" 170
"../../../Engine/Content/Functions/Engine_MaterialFunctions02/Utility/CameraDirectionVector.uexp" 171
"../../../Engine/Content/EngineDebugMaterials/M_VolumeRenderSphereTracePP.uasset" 172
"../../../Engine/Content/EngineDebugMaterials/M_VolumeRenderSphereTracePP.uexp" 173
"../../../Engine/Content/Functions/Engine_MaterialFunctions01/Shading/ConvertFromDiffSpec.uasset" 174
"../../../Engine/Content/Functions/Engine_MaterialFunctions01/Shading/ConvertFromDiffSpec.uexp" 175
"../../../Engine/Content/EngineDebugMaterials/VertexColorMaterial.uasset" 176
"../../../Engine/Content/EngineDebugMaterials/VertexColorMaterial.uexp" 177
"../../../Engine/Content/EngineDebugMaterials/WireframeMaterial.uasset" 178
"../../../Engine/Content/EngineDebugMaterials/WireframeMaterial.uexp" 179
"../../../Engine/Content/EngineFonts/Faces/RobotoRegular.uasset" 180
"../../../Engine/Content/EngineFonts/Faces/RobotoRegular.uexp" 181
"../../../Engine/Content/EngineFonts/Faces/RobotoRegular.ufont" 182
"../../../Engine/Content/EngineFonts/Faces/RobotoLight.uasset" 183
"../../../Engine/Content/EngineFonts/Faces/RobotoLight.uexp" 184
"../../../Engine/Content/EngineFonts/Faces/RobotoLight.ufont" 185
"../../../Engine/Content/EngineFonts/Faces/RobotoItalic.uasset" 186
"../../../Engine/Content/EngineFonts/Faces/RobotoItalic.uexp" 187
"../../../Engine/Content/EngineFonts/Faces/RobotoItalic.ufont" 188
"../../../Engine/Content/EngineFonts/Faces/RobotoBoldItalic.uasset" 189
"../../../Engine/Content/EngineFonts/Faces/RobotoBoldItalic.uexp" 190
"../../../Engine/Content/EngineFonts/Faces/RobotoBoldItalic.ufont" 191
"../../../Engine/Content/EngineFonts/Faces/RobotoBold.uasset" 192
"../../../Engine/Content/EngineFonts/Faces/RobotoBold.uexp" 193
"../../../Engine/Content/EngineFonts/Faces/RobotoBold.ufont" 194
"../../../Engine/Content/EngineFonts/Faces/DroidSansFallback.uasset" 195
"../../../Engine/Content/EngineFonts/Faces/DroidSansFallback.uexp" 196
"../../../Engine/Content/EngineFonts/Faces/DroidSansFallback.ufont" 197
"../../../Engine/Content/EngineFonts/Roboto.uasset" 198
"../../../Engine/Content/EngineFonts/Roboto.uexp" 199
"../../../Engine/Content/EngineMaterials/BaseFlattenNormalMap.uasset" 200
"../../../Engine/Content/EngineMaterials/BaseFlattenNormalMap.uexp" 201
"../../../Engine/Content/EngineMaterials/BaseFlattenGrayscaleMap.uasset" 202
"../../../Engine/Content/EngineMaterials/BaseFlattenGrayscaleMap.uexp" 203
"../../../Engine/Content/EngineMaterials/BaseFlattenEmissiveMap.uasset" 204
"../../../Engine/Content/EngineMaterials/BaseFlattenEmissiveMap.uexp" 205
"../../../Engine/Content/EngineMaterials/BaseFlattenDiffuseMap.uasset" 206
"../../../Engine/Content/EngineMaterials/BaseFlattenDiffuseMap.uexp" 207
"../../../Engine/Content/EngineMaterials/BaseFlattenMaterial.uasset" 208
"../../../Engine/Content/EngineMaterials/BaseFlattenMaterial.uexp" 209
"../../../Engine/Content/EngineMaterials/BlueNoise.uasset" 210
"../../../Engine/Content/EngineMaterials/BlueNoise.uexp" 211
"../../../Engine/Content/EngineMaterials/DefaultBloomKernel.uasset" 212
"../../../Engine/Content/EngineMaterials/DefaultBloomKernel.uexp" 213
"../../../Engine/Content/EngineMaterials/DefaultBokeh.uasset" 214
"../../../Engine/Content/EngineMaterials/DefaultBokeh.uexp" 215
"../../../Engine/Content/EngineMaterials/DefaultDiffuse.uasset" 216
"../../../Engine/Content/EngineMaterials/DefaultDiffuse.uexp" 217
"../../../Engine/Content/EngineMaterials/DefaultDiffuse.ubulk" 218
"../../../Engine/Content/EngineMaterials/DefaultDeferredDecalMaterial.uasset" 219
"../../../Engine/Content/EngineMaterials/DefaultDeferredDecalMaterial.uexp" 220
"../../../Engine/Content/EngineMaterials/DefaultLightFunctionMaterial.uasset" 221
"../../../Engine/Content/EngineMaterials/DefaultLightFunctionMaterial.uexp" 222
"../../../Engine/Content/EngineMaterials/DefaultPhysicalMaterial.uasset" 223
"../../../Engine/Content/EngineMaterials/DefaultPhysicalMaterial.uexp" 224
"../../../Engine/Content/Functions/Engine_MaterialFunctions02/Utility/BreakOutFloat2Components.uasset" 225
"../../../Engine/Content/Functions/Engine_MaterialFunctions02/Utility/BreakOutFloat2Components.uexp" 226
"../../../Engine/Content/EngineMaterials/DefaultPostProcessMaterial.uasset" 227
"../../../Engine/Content/EngineMaterials/DefaultPostProcessMaterial.uexp" 228
"../../../Engine/Content/EngineFonts/RobotoDistanceField.uasset" 229
"../../../Engine/Content/EngineFonts/RobotoDistanceField.uexp" 230
"../../../Engine/Content/EngineMaterials/DefaultTextMaterialOpaque.uasset" 231
"../../../Engine/Content/EngineMaterials/DefaultTextMaterialOpaque.uexp" 232
"../../../Engine/Content/EngineMaterials/DefaultWhiteGrid.uasset" 233
"../../../Engine/Content/EngineMaterials/DefaultWhiteGrid.uexp" 234
"../../../Engine/Content/EngineMaterials/DefaultWhiteGrid.ubulk" 235
"../../../Engine/Content/EngineMaterials/DefaultWhiteGrid_Low.uasset" 236
"../../../Engine/Content/EngineMaterials/DefaultWhiteGrid_Low.uexp" 237
"../../../Engine/Content/EngineMaterials/EmissiveMeshMaterial.uasset" 238
"../../../Engine/Content/EngineMaterials/EmissiveMeshMaterial.uexp" 239
"../../../Engine/Content/EngineMaterials/GizmoMaterial.uasset" 240
"../../../Engine/Content/EngineMaterials/GizmoMaterial.uexp" 241
"../../../Engine/Content/EngineMaterials/Good64x64TilingNoiseHighFreq.uasset" 242
"../../../Engine/Content/EngineMaterials/Good64x64TilingNoiseHighFreq.uexp" 243
"../../../Engine/Content/EngineMaterials/MiniFont.uasset" 244
"../../../Engine/Content/EngineMaterials/MiniFont.uexp" 245
"../../../Engine/Content/EngineMaterials/InvalidLightmapSettings.uasset" 246
"../../../Engine/Content/EngineMaterials/InvalidLightmapSettings.uexp" 247
"../../../Engine/Content/EngineMaterials/InvalidLightmapSettings.ubulk" 248
"../../../Engine/Content/EngineMaterials/M_InvalidLightmapSettings.uasset" 249
"../../../Engine/Content/EngineMaterials/M_InvalidLightmapSettings.uexp" 250
"../../../Engine/Content/Functions/Engine_MaterialFunctions02/WorldPositionOffset/CameraOffset.uasset" 251
"../../../Engine/Content/Functions/Engine_MaterialFunctions02/WorldPositionOffset/CameraOffset.uexp" 252
"../../../Engine/Content/EngineMaterials/PhAT_JointLimitMaterial.uasset" 253
"../../../Engine/Content/EngineMaterials/PhAT_JointLimitMaterial.uexp" 254
"../../../Engine/Content/EngineMaterials/DefaultCalibrationColor.uasset" 255
"../../../Engine/Content/EngineMaterials/DefaultCalibrationColor.uexp" 256
"../../../Engine/Content/EngineMaterials/PPM_DefaultCalibrationColor.uasset" 257
"../../../Engine/Content/EngineMaterials/PPM_DefaultCalibrationColor.uexp" 258
"../../../Engine/Content/EngineMaterials/DefaultCalibrationGrayscale.uasset" 259
"../../../Engine/Content/EngineMaterials/DefaultCalibrationGrayscale.uexp" 260
"../../../Engine/Content/EngineMaterials/PPM_DefaultCalibrationGrayscale.uasset" 261
"../../../Engine/Content/EngineMaterials/PPM_DefaultCalibrationGrayscale.uexp" 262
"../../../Engine/Content/EngineMaterials/PreintegratedSkinBRDF.uasset" 263
"../../../Engine/Content/EngineMaterials/PreintegratedSkinBRDF.uexp" 264
"../../../Engine/Content/EngineMaterials/RemoveSurfaceMaterial.uasset" 265
"../../../Engine/Content/EngineMaterials/RemoveSurfaceMaterial.uexp" 266
"../../../Engine/Content/EngineMaterials/WeightMapPlaceholderTexture.uasset" 267
"../../../Engine/Content/EngineMaterials/WeightMapPlaceholderTexture.uexp" 268
"../../../Engine/Content/EngineResources/WhiteSquareTexture.uasset" 269
"../../../Engine/Content/EngineResources/WhiteSquareTexture.uexp" 270
"../../../Engine/Content/EngineMaterials/Widget3DPassThrough.uasset" 271
"../../../Engine/Content/EngineMaterials/Widget3DPassThrough.uexp" 272
"../../../Engine/Content/EngineMaterials/Widget3DPassThrough_Masked.uasset" 273
"../../../Engine/Content/EngineMaterials/Widget3DPassThrough_Masked.uexp" 274
"../../../Engine/Content/EngineMaterials/Widget3DPassThrough_Opaque.uasset" 275
"../../../Engine/Content/EngineMaterials/Widget3DPassThrough_Opaque.uexp" 276
"../../../Engine/Content/EngineMaterials/Widget3DPassThrough_Masked_OneSided.uasset" 277
"../../../Engine/Content/EngineMaterials/Widget3DPassThrough_Masked_OneSided.uexp" 278
"../../../Engine/Content/EngineMaterials/Widget3DPassThrough_Opaque_OneSided.uasset" 279
"../../../Engine/Content/EngineMaterials/Widget3DPassThrough_Opaque_OneSided.uexp" 280
"../../../Engine/Content/EngineMaterials/Widget3DPassThrough_Translucent.uasset" 281
"../../../Engine/Content/EngineMaterials/Widget3DPassThrough_Translucent.uexp" 282
"../../../Engine/Content/EngineMaterials/Widget3DPassThrough_Translucent_OneSided.uasset" 283
"../../../Engine/Content/EngineMaterials/Widget3DPassThrough_Translucent_OneSided.uexp" 284
"../../../Engine/Content/EngineMeshes/Cylinder.uasset" 285
"../../../Engine/Content/EngineMeshes/Cylinder.uexp" 286
"../../../Engine/Content/EngineMeshes/Sphere.uasset" 287
"../../../Engine/Content/EngineMeshes/Sphere.uexp" 288
"../../../Engine/Content/EngineResources/DefaultTexture.uasset" 289
"../../../Engine/Content/EngineResources/DefaultTexture.uexp" 290
"../../../Engine/Content/EngineResources/DefaultTexture.ubulk" 291
"../../../Engine/Content/EngineResources/DefaultVolumeTexture2D.uasset" 292
"../../../Engine/Content/EngineResources/DefaultVolumeTexture2D.uexp" 293
"../../../Engine/Content/EngineResources/DefaultVolumeTexture.uasset" 294
"../../../Engine/Content/EngineResources/DefaultVolumeTexture.uexp" 295
"../../../Engine/Content/EngineResources/GradientTexture0.uasset" 296
"../../../Engine/Content/EngineResources/GradientTexture0.uexp" 297
"../../../Engine/Content/EngineSky/VolumetricClouds/T_NoiseShape64.uasset" 298
"../../../Engine/Content/EngineSky/VolumetricClouds/T_NoiseShape64.uexp" 299
"../../../Engine/Content/EngineSky/VolumetricClouds/T_NoiseShape64.ubulk" 300
"../../../Engine/Content/EngineSky/VolumetricClouds/T_VolumeNoiseShape64.uasset" 301
"../../../Engine/Content/EngineSky/VolumetricClouds/T_VolumeNoiseShape64.uexp" 302
"../../../Engine/Content/EngineSky/VolumetricClouds/T_NoiseErosion.uasset" 303
"../../../Engine/Content/EngineSky/VolumetricClouds/T_NoiseErosion.uexp" 304
"../../../Engine/Content/EngineSky/VolumetricClouds/T_NoiseErosion.ubulk" 305
"../../../Engine/Content/EngineSky/VolumetricClouds/T_VolumeNoiseErosion32.uasset" 306
"../../../Engine/Content/EngineSky/VolumetricClouds/T_VolumeNoiseErosion32.uexp" 307
"../../../Engine/Content/EngineSky/VolumetricClouds/CloudWeatherTexture.uasset" 308
"../../../Engine/Content/EngineSky/VolumetricClouds/CloudWeatherTexture.uexp" 309
"../../../Engine/Content/EngineSky/VolumetricClouds/CloudGradientTexture.uasset" 310
"../../../Engine/Content/EngineSky/VolumetricClouds/CloudGradientTexture.uexp" 311
"../../../Engine/Content/Functions/Engine_MaterialFunctions02/Utility/MakeFloat2.uasset" 312
"../../../Engine/Content/Functions/Engine_MaterialFunctions02/Utility/MakeFloat2.uexp" 313
"../../../Engine/Content/EngineSky/VolumetricClouds/m_SimpleVolumetricCloud.uasset" 314
"../../../Engine/Content/EngineSky/VolumetricClouds/m_SimpleVolumetricCloud.uexp" 315
"../../../Engine/Content/EngineSky/VolumetricClouds/m_SimpleVolumetricCloud_Inst.uasset" 316
"../../../Engine/Content/EngineSky/VolumetricClouds/m_SimpleVolumetricCloud_Inst.uexp" 317
"../../../Engine/Content/EngineSounds/Master.uasset" 318
"../../../Engine/Content/EngineSounds/Master.uexp" 319
"../../../Engine/Content/Functions/Engine_MaterialFunctions01/Shading/PowerToRoughness.uasset" 320
"../../../Engine/Content/Functions/Engine_MaterialFunctions01/Shading/PowerToRoughness.uexp" 321
"../../../Engine/Content/Maps/Templates/Thumbnails/Default.uasset" 322
"../../../Engine/Content/Maps/Templates/Thumbnails/Default.uexp" 323
"../../../Engine/Content/Maps/Templates/Thumbnails/TimeOfDay.uasset" 324
"../../../Engine/Content/Maps/Templates/Thumbnails/TimeOfDay.uexp" 325
"../../../Engine/Content/Maps/Templates/Thumbnails/VR-Basic.uasset" 326
"../../../Engine/Content/Maps/Templates/Thumbnails/VR-Basic.uexp" 327
"../../../Engine/Content/MobileResources/T_MobileControls_texture.uasset" 328
"../../../Engine/Content/MobileResources/T_MobileControls_texture.uexp" 329
"../../../Engine/Content/MobileResources/T_MobileMenu2.uasset" 330
"../../../Engine/Content/MobileResources/T_MobileMenu2.uexp" 331
"../../../Engine/Content/MobileResources/HUD/AnalogHat.uasset" 332
"../../../Engine/Content/MobileResources/HUD/AnalogHat.uexp" 333
"../../../Engine/Content/MobileResources/HUD/VirtualJoystick_Thumb.uasset" 334
"../../../Engine/Content/MobileResources/HUD/VirtualJoystick_Thumb.uexp" 335
"../../../Engine/Content/MobileResources/HUD/VirtualJoystick_Background.uasset" 336
"../../../Engine/Content/MobileResources/HUD/VirtualJoystick_Background.uexp" 337
"../../../Engine/Content/MobileResources/HUD/DefaultVirtualJoysticks.uasset" 338
"../../../Engine/Content/MobileResources/HUD/DefaultVirtualJoysticks.uexp" 339
"../../../Engine/Content/MobileResources/HUD/LeftVirtualJoystickOnly.uasset" 340
"../../../Engine/Content/MobileResources/HUD/LeftVirtualJoystickOnly.uexp" 341
"../../../Engine/Content/MobileResources/HUD/MobileHUDButton1_off.uasset" 342
"../../../Engine/Content/MobileResources/HUD/MobileHUDButton1_off.uexp" 343
"../../../Engine/Content/MobileResources/HUD/MobileHUDButton1_on.uasset" 344
"../../../Engine/Content/MobileResources/HUD/MobileHUDButton1_on.uexp" 345
"../../../Engine/Content/MobileResources/HUD/MobileHUDButton2_off.uasset" 346
"../../../Engine/Content/MobileResources/HUD/MobileHUDButton2_off.uexp" 347
"../../../Engine/Content/MobileResources/HUD/MobileHUDButton2_on.uasset" 348
"../../../Engine/Content/MobileResources/HUD/MobileHUDButton2_on.uexp" 349
"../../../Engine/Content/MobileResources/HUD/MobileHUDButton3.uasset" 350
"../../../Engine/Content/MobileResources/HUD/MobileHUDButton3.uexp" 351
"../../../Engine/Content/MobileResources/HUD/MobileHUDButtonFire.uasset" 352
"../../../Engine/Content/MobileResources/HUD/MobileHUDButtonFire.uexp" 353
"../../../Engine/Content/MobileResources/HUD/MobileHUDDirectionPad.uasset" 354
"../../../Engine/Content/MobileResources/HUD/MobileHUDDirectionPad.uexp" 355
"../../../Engine/Content/MobileResources/HUD/MobileHUDDirectionPad2.uasset" 356
"../../../Engine/Content/MobileResources/HUD/MobileHUDDirectionPad2.uexp" 357
"../../../Engine/Content/MobileResources/HUD/MobileHUDDirectionPad3.uasset" 358
"../../../Engine/Content/MobileResources/HUD/MobileHUDDirectionPad3.uexp" 359
"../../../Engine/Content/MobileResources/HUD/MobileHUDDirectionStick.uasset" 360
"../../../Engine/Content/MobileResources/HUD/MobileHUDDirectionStick.uexp" 361
"../../../Engine/Content/MobileResources/HUD/T_Castle_ThumbstickInner.uasset" 362
"../../../Engine/Content/MobileResources/HUD/T_Castle_ThumbstickInner.uexp" 363
"../../../Engine/Content/MobileResources/HUD/T_Castle_ThumbstickOutter.uasset" 364
"../../../Engine/Content/MobileResources/HUD/T_Castle_ThumbstickOutter.uexp" 365
"../../../Engine/Content/Tutorial/ContentIntroCurve.uasset" 366
"../../../Engine/Content/Tutorial/ContentIntroCurve.uexp" 367
"../../../Engine/Content/Tutorial/Basics/TutorialAssets/icon_tab_Levels_40x.uasset" 368
"../../../Engine/Content/Tutorial/Basics/TutorialAssets/icon_tab_Levels_40x.uexp" 369
"../../../Engine/Content/VREditor/TransformGizmo/TranslucentTransformGizmoMaterial.uasset" 370
"../../../Engine/Content/VREditor/TransformGizmo/TranslucentTransformGizmoMaterial.uexp" 371
"../../../Engine/Content/VREditor/LaserPointer/VR_LaserPower_01.uasset" 372
"../../../Engine/Content/VREditor/LaserPointer/VR_LaserPower_01.uexp" 373
"../../../Engine/Content/VREditor/LaserPointer/VR_LaserPower_01.ubulk" 374
"../../../Engine/Content/VREditor/TransformGizmo/TransformGizmoMaterial.uasset" 375
"../../../Engine/Content/VREditor/TransformGizmo/TransformGizmoMaterial.uexp" 376
"../../../Engine/Content/VREditor/TransformGizmo/BoundingBoxCorner.uasset" 377
"../../../Engine/Content/VREditor/TransformGizmo/BoundingBoxCorner.uexp" 378
"../../../Engine/Content/VREditor/TransformGizmo/BoundingBoxEdge.uasset" 379
"../../../Engine/Content/VREditor/TransformGizmo/BoundingBoxEdge.uexp" 380
"../../../Engine/Content/VREditor/TransformGizmo/PlaneTranslationHandle.uasset" 381
"../../../Engine/Content/VREditor/TransformGizmo/PlaneTranslationHandle.uexp" 382
"../../../Engine/Content/VREditor/TransformGizmo/Xray.uasset" 383
"../../../Engine/Content/VREditor/TransformGizmo/Xray.uexp" 384
"../../../Engine/Content/VREditor/TransformGizmo/Main.uasset" 385
"../../../Engine/Content/VREditor/TransformGizmo/Main.uexp" 386
"../../../Engine/Content/VREditor/TransformGizmo/SM_Sequencer_Key.uasset" 387
"../../../Engine/Content/VREditor/TransformGizmo/SM_Sequencer_Key.uexp" 388
"../../../Engine/Content/VREditor/TransformGizmo/SM_Sequencer_Node.uasset" 389
"../../../Engine/Content/VREditor/TransformGizmo/SM_Sequencer_Node.uexp" 390
"../../../Engine/Plugins/2D/Paper2D/Content/PlaceholderTextures/DummySpriteTexture.uasset" 391
"../../../Engine/Plugins/2D/Paper2D/Content/PlaceholderTextures/DummySpriteTexture.uexp" 392
"../../../Engine/Plugins/2D/Paper2D/Content/PlaceholderTextures/DummySpriteTexture.ubulk" 393
"../../../Engine/Plugins/2D/Paper2D/Content/DummySprite.uasset" 394
"../../../Engine/Plugins/2D/Paper2D/Content/DummySprite.uexp" 395
"../../../Engine/Plugins/2D/Paper2D/Content/DefaultPaperTerrainMaterial.uasset" 396
"../../../Engine/Plugins/2D/Paper2D/Content/DefaultPaperTerrainMaterial.uexp" 397
"../../../Engine/Plugins/2D/Paper2D/Content/DefaultSpriteMaterial.uasset" 398
"../../../Engine/Plugins/2D/Paper2D/Content/DefaultSpriteMaterial.uexp" 399
"../../../Engine/Plugins/2D/Paper2D/Content/MaskedUnlitSpriteMaterial.uasset" 400
"../../../Engine/Plugins/2D/Paper2D/Content/MaskedUnlitSpriteMaterial.uexp" 401
"../../../Engine/Plugins/2D/Paper2D/Content/OpaqueUnlitSpriteMaterial.uasset" 402
"../../../Engine/Plugins/2D/Paper2D/Content/OpaqueUnlitSpriteMaterial.uexp" 403
"../../../Engine/Content/Functions/Engine_MaterialFunctions02/Utility/VectorLength.uasset" 404
"../../../Engine/Content/Functions/Engine_MaterialFunctions02/Utility/VectorLength.uexp" 405
"../../../Engine/Content/Functions/Engine_MaterialFunctions02/ObjectLocalBounds.uasset" 406
"../../../Engine/Content/Functions/Engine_MaterialFunctions02/ObjectLocalBounds.uexp" 407
"../../../Engine/Content/Functions/Engine_MaterialFunctions02/Utility/BreakOutFloat3Components.uasset" 408
"../../../Engine/Content/Functions/Engine_MaterialFunctions02/Utility/BreakOutFloat3Components.uexp" 409
"../../../Engine/Content/Functions/Engine_MaterialFunctions02/WorldPositionOffset/ObjectScale.uasset" 410
"../../../Engine/Content/Functions/Engine_MaterialFunctions02/WorldPositionOffset/ObjectScale.uexp" 411
"../../../Engine/Plugins/Editor/SpeedTreeImporter/Content/SpeedTree9/UnpackInteger3.uasset" 412
"../../../Engine/Plugins/Editor/SpeedTreeImporter/Content/SpeedTree9/UnpackInteger3.uexp" 413
"../../../Engine/Plugins/Editor/SpeedTreeImporter/Content/SpeedTree9/UnpackDirection.uasset" 414
"../../../Engine/Plugins/Editor/SpeedTreeImporter/Content/SpeedTree9/UnpackDirection.uexp" 415
"../../../Engine/Plugins/Editor/SpeedTreeImporter/Content/SpeedTree9/game_wind_noise.uasset" 416
"../../../Engine/Plugins/Editor/SpeedTreeImporter/Content/SpeedTree9/game_wind_noise.uexp" 417
"../../../Engine/Plugins/Editor/SpeedTreeImporter/Content/SpeedTree9/game_wind_noise.ubulk" 418
"../../../Engine/Content/Functions/Engine_MaterialFunctions02/SafeNormalize.uasset" 419
"../../../Engine/Content/Functions/Engine_MaterialFunctions02/SafeNormalize.uexp" 420
"../../../Engine/Plugins/Editor/SpeedTreeImporter/Content/SpeedTree9/SpeedTreeWindMotion.uasset" 421
"../../../Engine/Plugins/Editor/SpeedTreeImporter/Content/SpeedTree9/SpeedTreeWindMotion.uexp" 422
"../../../Engine/Plugins/Editor/SpeedTreeImporter/Content/SpeedTree9/SpeedTreeBranchMotion.uasset" 423
"../../../Engine/Plugins/Editor/SpeedTreeImporter/Content/SpeedTree9/SpeedTreeBranchMotion.uexp" 424
"../../../Engine/Content/Functions/Engine_MaterialFunctions02/UVs/BoundingBoxBased_0-1_UVW.uasset" 425
"../../../Engine/Content/Functions/Engine_MaterialFunctions02/UVs/BoundingBoxBased_0-1_UVW.uexp" 426
"../../../Engine/Plugins/Editor/SpeedTreeImporter/Content/SpeedTree9/SpeedTreeWind.uasset" 427
"../../../Engine/Plugins/Editor/SpeedTreeImporter/Content/SpeedTree9/SpeedTreeWind.uexp" 428
"../../../Engine/Plugins/Editor/SpeedTreeImporter/Content/SpeedTree9/SpeedTreeBillboard.uasset" 429
"../../../Engine/Plugins/Editor/SpeedTreeImporter/Content/SpeedTree9/SpeedTreeBillboard.uexp" 430
"../../../Engine/Plugins/Editor/SpeedTreeImporter/Content/SpeedTree9/EmptyNormal.uasset" 431
"../../../Engine/Plugins/Editor/SpeedTreeImporter/Content/SpeedTree9/EmptyNormal.uexp" 432
"../../../Engine/Plugins/Editor/SpeedTreeImporter/Content/SpeedTree9/Empty.uasset" 433
"../../../Engine/Plugins/Editor/SpeedTreeImporter/Content/SpeedTree9/Empty.uexp" 434
"../../../Engine/Plugins/Editor/SpeedTreeImporter/Content/SpeedTree9/SpeedTreeBillboardMaster.uasset" 435
"../../../Engine/Plugins/Editor/SpeedTreeImporter/Content/SpeedTree9/SpeedTreeBillboardMaster.uexp" 436
"../../../Engine/Plugins/Editor/SpeedTreeImporter/Content/SpeedTree9/SpeedTreeCameraFacing.uasset" 437
"../../../Engine/Plugins/Editor/SpeedTreeImporter/Content/SpeedTree9/SpeedTreeCameraFacing.uexp" 438
"../../../Engine/Plugins/Editor/SpeedTreeImporter/Content/SpeedTree9/SpeedTreeMaster.uasset" 439
"../../../Engine/Plugins/Editor/SpeedTreeImporter/Content/SpeedTree9/SpeedTreeMaster.uexp" 440
"../../../Engine/Content/ArtTools/RenderToTexture/Materials/Debug/M_Emissive_Color.uasset" 441
"../../../Engine/Content/ArtTools/RenderToTexture/Materials/Debug/M_Emissive_Color.uexp" 442
"../../../Engine/Content/BasicShapes/Cylinder.uasset" 443
"../../../Engine/Content/BasicShapes/Cylinder.uexp" 444
"../../../Engine/Plugins/Lumin/MagicLeapPassableWorld/Content/MagicLeapARPinInfoActor.uasset" 445
"../../../Engine/Plugins/Lumin/MagicLeapPassableWorld/Content/MagicLeapARPinInfoActor.uexp" 446
"../../../Engine/Plugins/Runtime/OpenXR/Content/Devices/GoogleDaydream/MRTexture.uasset" 447
"../../../Engine/Plugins/Runtime/OpenXR/Content/Devices/GoogleDaydream/MRTexture.uexp" 448
"../../../Engine/Plugins/Runtime/OpenXR/Content/Devices/GoogleDaydream/MRTexture.ubulk" 449
"../../../Engine/Plugins/Runtime/OpenXR/Content/Devices/GoogleDaydream/BaseTexture.uasset" 450
"../../../Engine/Plugins/Runtime/OpenXR/Content/Devices/GoogleDaydream/BaseTexture.uexp" 451
"../../../Engine/Plugins/Runtime/OpenXR/Content/Devices/GoogleDaydream/BaseTexture.ubulk" 452
"../../../Engine/Content/EngineResources/Black.uasset" 453
"../../../Engine/Content/EngineResources/Black.uexp" 454
"../../../Engine/Plugins/Runtime/OpenXR/Content/Devices/M_XRController.uasset" 455
"../../../Engine/Plugins/Runtime/OpenXR/Content/Devices/M_XRController.uexp" 456
"../../../Engine/Plugins/Runtime/OpenXR/Content/Devices/GoogleDaydream/MI_GoogleDaydream.uasset" 457
"../../../Engine/Plugins/Runtime/OpenXR/Content/Devices/GoogleDaydream/MI_GoogleDaydream.uexp" 458
"../../../Engine/Plugins/Runtime/OpenXR/Content/Devices/GoogleDaydream/GoogleDaydreamController.uasset" 459
"../../../Engine/Plugins/Runtime/OpenXR/Content/Devices/GoogleDaydream/GoogleDaydreamController.uexp" 460
"../../../Engine/Plugins/Runtime/OpenXR/Content/Devices/HTCVive/BaseTexture.uasset" 461
"../../../Engine/Plugins/Runtime/OpenXR/Content/Devices/HTCVive/BaseTexture.uexp" 462
"../../../Engine/Plugins/Runtime/OpenXR/Content/Devices/HTCVive/BaseTexture.ubulk" 463
"../../../Engine/Plugins/Runtime/OpenXR/Content/Devices/HTCVive/MI_HTCVive.uasset" 464
"../../../Engine/Plugins/Runtime/OpenXR/Content/Devices/HTCVive/MI_HTCVive.uexp" 465
"../../../Engine/Plugins/Runtime/OpenXR/Content/Devices/HTCVive/HTCViveController.uasset" 466
"../../../Engine/Plugins/Runtime/OpenXR/Content/Devices/HTCVive/HTCViveController.uexp" 467
"../../../Engine/Plugins/Runtime/OpenXR/Content/Devices/MicrosoftMixedReality/NormalTexture.uasset" 468
"../../../Engine/Plugins/Runtime/OpenXR/Content/Devices/MicrosoftMixedReality/NormalTexture.uexp" 469
"../../../Engine/Plugins/Runtime/OpenXR/Content/Devices/MicrosoftMixedReality/NormalTexture.ubulk" 470
"../../../Engine/Plugins/Runtime/OpenXR/Content/Devices/MicrosoftMixedReality/MRTexture.uasset" 471
"../../../Engine/Plugins/Runtime/OpenXR/Content/Devices/MicrosoftMixedReality/MRTexture.uexp" 472
"../../../Engine/Plugins/Runtime/OpenXR/Content/Devices/MicrosoftMixedReality/MRTexture.ubulk" 473
"../../../Engine/Plugins/Runtime/OpenXR/Content/Devices/MicrosoftMixedReality/EmissiveTexture.uasset" 474
"../../../Engine/Plugins/Runtime/OpenXR/Content/Devices/MicrosoftMixedReality/EmissiveTexture.uexp" 475
"../../../Engine/Plugins/Runtime/OpenXR/Content/Devices/MicrosoftMixedReality/EmissiveTexture.ubulk" 476
"../../../Engine/Plugins/Runtime/OpenXR/Content/Devices/MicrosoftMixedReality/BaseTexture.uasset" 477
"../../../Engine/Plugins/Runtime/OpenXR/Content/Devices/MicrosoftMixedReality/BaseTexture.uexp" 478
"../../../Engine/Plugins/Runtime/OpenXR/Content/Devices/MicrosoftMixedReality/BaseTexture.ubulk" 479
"../../../Engine/Plugins/Runtime/OpenXR/Content/Devices/MicrosoftMixedReality/MI_MicrosoftMixedReality.uasset" 480
"../../../Engine/Plugins/Runtime/OpenXR/Content/Devices/MicrosoftMixedReality/MI_MicrosoftMixedReality.uexp" 481
"../../../Engine/Plugins/Runtime/OpenXR/Content/Devices/MicrosoftMixedReality/Left/left_MicrosoftMixedRealityController.uasset" 482
"../../../Engine/Plugins/Runtime/OpenXR/Content/Devices/MicrosoftMixedReality/Left/left_MicrosoftMixedRealityController.uexp" 483
"../../../Engine/Plugins/Runtime/OpenXR/Content/Devices/MicrosoftMixedReality/Right/right_MicrosoftMixedRealityController.uasset" 484
"../../../Engine/Plugins/Runtime/OpenXR/Content/Devices/MicrosoftMixedReality/Right/right_MicrosoftMixedRealityController.uexp" 485
"../../../Engine/Plugins/Runtime/OpenXR/Content/Devices/OculusGo/BaseTexture.uasset" 486
"../../../Engine/Plugins/Runtime/OpenXR/Content/Devices/OculusGo/BaseTexture.uexp" 487
"../../../Engine/Plugins/Runtime/OpenXR/Content/Devices/OculusGo/BaseTexture.ubulk" 488
"../../../Engine/Plugins/Runtime/OpenXR/Content/Devices/OculusGo/MI_OculusGo.uasset" 489
"../../../Engine/Plugins/Runtime/OpenXR/Content/Devices/OculusGo/MI_OculusGo.uexp" 490
"../../../Engine/Plugins/Runtime/OpenXR/Content/Devices/OculusGo/OculusGoController.uasset" 491
"../../../Engine/Plugins/Runtime/OpenXR/Content/Devices/OculusGo/OculusGoController.uexp" 492
"../../../Engine/Plugins/Runtime/OpenXR/Content/Devices/OculusTouch/MRTexture.uasset" 493
"../../../Engine/Plugins/Runtime/OpenXR/Content/Devices/OculusTouch/MRTexture.uexp" 494
"../../../Engine/Plugins/Runtime/OpenXR/Content/Devices/OculusTouch/MRTexture.ubulk" 495
"../../../Engine/Plugins/Runtime/OpenXR/Content/Devices/OculusTouch/BaseTexture.uasset" 496
"../../../Engine/Plugins/Runtime/OpenXR/Content/Devices/OculusTouch/BaseTexture.uexp" 497
"../../../Engine/Plugins/Runtime/OpenXR/Content/Devices/OculusTouch/BaseTexture.ubulk" 498
"../../../Engine/Plugins/Runtime/OpenXR/Content/Devices/OculusTouch/MI_OculusTouch.uasset" 499
"../../../Engine/Plugins/Runtime/OpenXR/Content/Devices/OculusTouch/MI_OculusTouch.uexp" 500
"../../../Engine/Plugins/Runtime/OpenXR/Content/Devices/OculusTouch/Left/left_OculusTouchController.uasset" 501
"../../../Engine/Plugins/Runtime/OpenXR/Content/Devices/OculusTouch/Left/left_OculusTouchController.uexp" 502
"../../../Engine/Plugins/Runtime/OpenXR/Content/Devices/OculusTouch/Right/right_OculusTouchController.uasset" 503
"../../../Engine/Plugins/Runtime/OpenXR/Content/Devices/OculusTouch/Right/right_OculusTouchController.uexp" 504
"../../../Engine/Plugins/Runtime/OpenXR/Content/Devices/OculusTouch_v2/MRTexture.uasset" 505
"../../../Engine/Plugins/Runtime/OpenXR/Content/Devices/OculusTouch_v2/MRTexture.uexp" 506
"../../../Engine/Plugins/Runtime/OpenXR/Content/Devices/OculusTouch_v2/MRTexture.ubulk" 507
"../../../Engine/Plugins/Runtime/OpenXR/Content/Devices/OculusTouch_v2/BaseTexture.uasset" 508
"../../../Engine/Plugins/Runtime/OpenXR/Content/Devices/OculusTouch_v2/BaseTexture.uexp" 509
"../../../Engine/Plugins/Runtime/OpenXR/Content/Devices/OculusTouch_v2/BaseTexture.ubulk" 510
"../../../Engine/Plugins/Runtime/OpenXR/Content/Devices/OculusTouch_v2/MI_OculusTouch_v2.uasset" 511
"../../../Engine/Plugins/Runtime/OpenXR/Content/Devices/OculusTouch_v2/MI_OculusTouch_v2.uexp" 512
"../../../Engine/Plugins/Runtime/OpenXR/Content/Devices/OculusTouch_v2/Left/left_OculusTouch_v2Controller.uasset" 513
"../../../Engine/Plugins/Runtime/OpenXR/Content/Devices/OculusTouch_v2/Left/left_OculusTouch_v2Controller.uexp" 514
"../../../Engine/Plugins/Runtime/OpenXR/Content/Devices/OculusTouch_v2/Right/right_OculusTouch_v2Controller.uasset" 515
"../../../Engine/Plugins/Runtime/OpenXR/Content/Devices/OculusTouch_v2/Right/right_OculusTouch_v2Controller.uexp" 516
"../../../Engine/Plugins/Runtime/OpenXR/Content/Devices/OculusTouch_v3/MRTexture.uasset" 517
"../../../Engine/Plugins/Runtime/OpenXR/Content/Devices/OculusTouch_v3/MRTexture.uexp" 518
"../../../Engine/Plugins/Runtime/OpenXR/Content/Devices/OculusTouch_v3/MRTexture.ubulk" 519
"../../../Engine/Plugins/Runtime/OpenXR/Content/Devices/OculusTouch_v3/BaseTexture.uasset" 520
"../../../Engine/Plugins/Runtime/OpenXR/Content/Devices/OculusTouch_v3/BaseTexture.uexp" 521
"../../../Engine/Plugins/Runtime/OpenXR/Content/Devices/OculusTouch_v3/BaseTexture.ubulk" 522
"../../../Engine/Plugins/Runtime/OpenXR/Content/Devices/OculusTouch_v3/MI_OculusTouch_v3.uasset" 523
"../../../Engine/Plugins/Runtime/OpenXR/Content/Devices/OculusTouch_v3/MI_OculusTouch_v3.uexp" 524
"../../../Engine/Plugins/Runtime/OpenXR/Content/Devices/OculusTouch_v3/Left/left_OculusTouch_v3Controller.uasset" 525
"../../../Engine/Plugins/Runtime/OpenXR/Content/Devices/OculusTouch_v3/Left/left_OculusTouch_v3Controller.uexp" 526
"../../../Engine/Plugins/Runtime/OpenXR/Content/Devices/OculusTouch_v3/Right/right_OculusTouch_v3Controller.uasset" 527
"../../../Engine/Plugins/Runtime/OpenXR/Content/Devices/OculusTouch_v3/Right/right_OculusTouch_v3Controller.uexp" 528
"../../../Engine/Plugins/Runtime/OpenXR/Content/Devices/ValveIndex/MRTexture.uasset" 529
"../../../Engine/Plugins/Runtime/OpenXR/Content/Devices/ValveIndex/MRTexture.uexp" 530
"../../../Engine/Plugins/Runtime/OpenXR/Content/Devices/ValveIndex/MRTexture.ubulk" 531
"../../../Engine/Plugins/Runtime/OpenXR/Content/Devices/ValveIndex/BaseTexture.uasset" 532
"../../../Engine/Plugins/Runtime/OpenXR/Content/Devices/ValveIndex/BaseTexture.uexp" 533
"../../../Engine/Plugins/Runtime/OpenXR/Content/Devices/ValveIndex/BaseTexture.ubulk" 534
"../../../Engine/Plugins/Runtime/OpenXR/Content/Devices/ValveIndex/Left/MI_left_ValveIndex.uasset" 535
"../../../Engine/Plugins/Runtime/OpenXR/Content/Devices/ValveIndex/Left/MI_left_ValveIndex.uexp" 536
"../../../Engine/Plugins/Runtime/OpenXR/Content/Devices/ValveIndex/Left/left_ValveIndexController.uasset" 537
"../../../Engine/Plugins/Runtime/OpenXR/Content/Devices/ValveIndex/Left/left_ValveIndexController.uexp" 538
"../../../Engine/Plugins/Runtime/OpenXR/Content/Devices/ValveIndex/Right/MI_right_ValveIndex.uasset" 539
"../../../Engine/Plugins/Runtime/OpenXR/Content/Devices/ValveIndex/Right/MI_right_ValveIndex.uexp" 540
"../../../Engine/Plugins/Runtime/OpenXR/Content/Devices/ValveIndex/Right/right_ValveIndexController.uasset" 541
"../../../Engine/Plugins/Runtime/OpenXR/Content/Devices/ValveIndex/Right/right_ValveIndexController.uexp" 542
"../../../Engine/Content/Functions/Engine_MaterialFunctions02/Utility/BreakOutFloat4Components.uasset" 543
"../../../Engine/Content/Functions/Engine_MaterialFunctions02/Utility/BreakOutFloat4Components.uexp" 544
"../../../Engine/Content/Functions/Engine_MaterialFunctions02/Utility/MakeFloat3.uasset" 545
"../../../Engine/Content/Functions/Engine_MaterialFunctions02/Utility/MakeFloat3.uexp" 546
"../../../Engine/Plugins/Runtime/Oculus/OculusVR/Content/Materials/OculusMR_ChromaKey.uasset" 547
"../../../Engine/Plugins/Runtime/Oculus/OculusVR/Content/Materials/OculusMR_ChromaKey.uexp" 548
"../../../Engine/Plugins/Runtime/Oculus/OculusVR/Content/Materials/OculusMR_OpaqueColoredMaterial.uasset" 549
"../../../Engine/Plugins/Runtime/Oculus/OculusVR/Content/Materials/OculusMR_OpaqueColoredMaterial.uexp" 550
"../../../Engine/Plugins/Runtime/Oculus/OculusVR/Content/Materials/PokeAHoleMaterial.uasset" 551
"../../../Engine/Plugins/Runtime/Oculus/OculusVR/Content/Materials/PokeAHoleMaterial.uexp" 552
"../../../Engine/Plugins/Runtime/Oculus/OculusVR/Content/Textures/touchController_controlmap.uasset" 553
"../../../Engine/Plugins/Runtime/Oculus/OculusVR/Content/Textures/touchController_controlmap.uexp" 554
"../../../Engine/Plugins/Runtime/Oculus/OculusVR/Content/Textures/touchController_controlmap.ubulk" 555
"../../../Engine/Plugins/Runtime/Oculus/OculusVR/Content/Textures/touchController_albedo.uasset" 556
"../../../Engine/Plugins/Runtime/Oculus/OculusVR/Content/Textures/touchController_albedo.uexp" 557
"../../../Engine/Plugins/Runtime/Oculus/OculusVR/Content/Textures/touchController_albedo.ubulk" 558
"../../../Engine/Plugins/Runtime/Oculus/OculusVR/Content/Materials/touchController_mat.uasset" 559
"../../../Engine/Plugins/Runtime/Oculus/OculusVR/Content/Materials/touchController_mat.uexp" 560
"../../../Engine/Plugins/Runtime/Oculus/OculusVR/Content/Meshes/LeftTouchController.uasset" 561
"../../../Engine/Plugins/Runtime/Oculus/OculusVR/Content/Meshes/LeftTouchController.uexp" 562
"../../../Engine/Plugins/Runtime/Oculus/OculusVR/Content/Textures/TouchForQuestRiftSController_albedo.uasset" 563
"../../../Engine/Plugins/Runtime/Oculus/OculusVR/Content/Textures/TouchForQuestRiftSController_albedo.uexp" 564
"../../../Engine/Plugins/Runtime/Oculus/OculusVR/Content/Textures/TouchForQuestRiftSController_albedo.ubulk" 565
"../../../Engine/Plugins/Runtime/Oculus/OculusVR/Content/Materials/TouchForQuestRiftSControllerMaterial.uasset" 566
"../../../Engine/Plugins/Runtime/Oculus/OculusVR/Content/Materials/TouchForQuestRiftSControllerMaterial.uexp" 567
"../../../Engine/Plugins/Runtime/Oculus/OculusVR/Content/Meshes/LeftTouchForQuestRiftSController.uasset" 568
"../../../Engine/Plugins/Runtime/Oculus/OculusVR/Content/Meshes/LeftTouchForQuestRiftSController.uexp" 569
"../../../Engine/Plugins/Runtime/Oculus/OculusVR/Content/Meshes/RiftHMD.uasset" 570
"../../../Engine/Plugins/Runtime/Oculus/OculusVR/Content/Meshes/RiftHMD.uexp" 571
"../../../Engine/Plugins/Runtime/Oculus/OculusVR/Content/Meshes/RightTouchController.uasset" 572
"../../../Engine/Plugins/Runtime/Oculus/OculusVR/Content/Meshes/RightTouchController.uexp" 573
"../../../Engine/Plugins/Runtime/Oculus/OculusVR/Content/Meshes/RightTouchForQuestRiftSController.uasset" 574
"../../../Engine/Plugins/Runtime/Oculus/OculusVR/Content/Meshes/RightTouchForQuestRiftSController.uexp" 575
"D:/Zibra/UnrealDemos/ZibraDemo427/Plugins/ZibraAILiquid/Content/ZibraLiquidContent/SDFRender.uasset" 576
"D:/Zibra/UnrealDemos/ZibraDemo427/Plugins/ZibraAILiquid/Content/ZibraLiquidContent/SDFRender.uexp" 577
"D:/Zibra/UnrealDemos/ZibraDemo427/Plugins/ZibraAILiquid/Content/ZibraLiquidContent/Dummy2D.uasset" 578
"D:/Zibra/UnrealDemos/ZibraDemo427/Plugins/ZibraAILiquid/Content/ZibraLiquidContent/Dummy2D.uexp" 579
"../../../Engine/Content/Functions/Engine_MaterialFunctions02/Utility/DepthFromWorldPosition.uasset" 580
"../../../Engine/Content/Functions/Engine_MaterialFunctions02/Utility/DepthFromWorldPosition.uexp" 581
"D:/Zibra/UnrealDemos/ZibraDemo427/Plugins/ZibraAILiquid/Content/ZibraLiquidContent/CubeFluid.uasset" 582
"D:/Zibra/UnrealDemos/ZibraDemo427/Plugins/ZibraAILiquid/Content/ZibraLiquidContent/CubeFluid.uexp" 583
"D:/Zibra/UnrealDemos/ZibraDemo427/Plugins/ZibraAILiquid/Content/ZibraLiquidContent/TransparentFluid.uasset" 584
"D:/Zibra/UnrealDemos/ZibraDemo427/Plugins/ZibraAILiquid/Content/ZibraLiquidContent/TransparentFluid.uexp" 585
"D:/Zibra/UnrealDemos/ZibraDemo427/Plugins/ZibraAILiquid/Content/ZibraLiquidContent/World2UV.uasset" 586
"D:/Zibra/UnrealDemos/ZibraDemo427/Plugins/ZibraAILiquid/Content/ZibraLiquidContent/World2UV.uexp" 587
"D:/Zibra/UnrealDemos/ZibraDemo427/Plugins/ZibraAILiquid/Content/ZibraLiquidContent/SampleWorldColor.uasset" 588
"D:/Zibra/UnrealDemos/ZibraDemo427/Plugins/ZibraAILiquid/Content/ZibraLiquidContent/SampleWorldColor.uexp" 589
"D:/Zibra/UnrealDemos/ZibraDemo427/Plugins/ZibraAILiquid/Content/ZibraLiquidContent/Dummy3D.uasset" 590
"D:/Zibra/UnrealDemos/ZibraDemo427/Plugins/ZibraAILiquid/Content/ZibraLiquidContent/Dummy3D.uexp" 591
"D:/Zibra/UnrealDemos/ZibraDemo427/Plugins/ZibraAILiquid/Content/ZibraLiquidContent/SampleNormal.uasset" 592
"D:/Zibra/UnrealDemos/ZibraDemo427/Plugins/ZibraAILiquid/Content/ZibraLiquidContent/SampleNormal.uexp" 593
"D:/Zibra/UnrealDemos/ZibraDemo427/Plugins/ZibraAILiquid/Content/ZibraLiquidContent/RefractAdvanced.uasset" 594
"D:/Zibra/UnrealDemos/ZibraDemo427/Plugins/ZibraAILiquid/Content/ZibraLiquidContent/RefractAdvanced.uexp" 595
"../../../Engine/Content/Functions/Engine_MaterialFunctions01/Vectors/Refract.uasset" 596
"../../../Engine/Content/Functions/Engine_MaterialFunctions01/Vectors/Refract.uexp" 597
"../../../Engine/Content/Functions/Engine_MaterialFunctions02/Utility/CustomReflectionVector.uasset" 598
"../../../Engine/Content/Functions/Engine_MaterialFunctions02/Utility/CustomReflectionVector.uexp" 599
"../../../Engine/Content/EngineResources/DefaultTextureCube.uasset" 600
"../../../Engine/Content/EngineResources/DefaultTextureCube.uexp" 601
"D:/Zibra/UnrealDemos/ZibraDemo427/Plugins/ZibraAILiquid/Content/ZibraLiquidContent/ZibraMeshRenderMaterial.uasset" 602
"D:/Zibra/UnrealDemos/ZibraDemo427/Plugins/ZibraAILiquid/Content/ZibraLiquidContent/ZibraMeshRenderMaterial.uexp" 603
"D:/Zibra/UnrealDemos/ZibraDemo427/Plugins/ZibraAILiquid/Content/ZibraLiquidContent/Icons/AnalyticalCollider.uasset" 604
"D:/Zibra/UnrealDemos/ZibraDemo427/Plugins/ZibraAILiquid/Content/ZibraLiquidContent/Icons/AnalyticalCollider.uexp" 605
"D:/Zibra/UnrealDemos/ZibraDemo427/Plugins/ZibraAILiquid/Content/ZibraLiquidContent/Icons/AnalyticalCollider.ubulk" 606
"D:/Zibra/UnrealDemos/ZibraDemo427/Plugins/ZibraAILiquid/Content/ZibraLiquidContent/Icons/Detector.uasset" 607
"D:/Zibra/UnrealDemos/ZibraDemo427/Plugins/ZibraAILiquid/Content/ZibraLiquidContent/Icons/Detector.uexp" 608
"D:/Zibra/UnrealDemos/ZibraDemo427/Plugins/ZibraAILiquid/Content/ZibraLiquidContent/Icons/Detector.ubulk" 609
"D:/Zibra/UnrealDemos/ZibraDemo427/Plugins/ZibraAILiquid/Content/ZibraLiquidContent/Icons/Emitter.uasset" 610
"D:/Zibra/UnrealDemos/ZibraDemo427/Plugins/ZibraAILiquid/Content/ZibraLiquidContent/Icons/Emitter.uexp" 611
"D:/Zibra/UnrealDemos/ZibraDemo427/Plugins/ZibraAILiquid/Content/ZibraLiquidContent/Icons/Emitter.ubulk" 612
"D:/Zibra/UnrealDemos/ZibraDemo427/Plugins/ZibraAILiquid/Content/ZibraLiquidContent/Icons/ForceField.uasset" 613
"D:/Zibra/UnrealDemos/ZibraDemo427/Plugins/ZibraAILiquid/Content/ZibraLiquidContent/Icons/ForceField.uexp" 614
"D:/Zibra/UnrealDemos/ZibraDemo427/Plugins/ZibraAILiquid/Content/ZibraLiquidContent/Icons/ForceField.ubulk" 615
"D:/Zibra/UnrealDemos/ZibraDemo427/Plugins/ZibraAILiquid/Content/ZibraLiquidContent/Icons/icon_ZL.uasset" 616
"D:/Zibra/UnrealDemos/ZibraDemo427/Plugins/ZibraAILiquid/Content/ZibraLiquidContent/Icons/icon_ZL.uexp" 617
"D:/Zibra/UnrealDemos/ZibraDemo427/Plugins/ZibraAILiquid/Content/ZibraLiquidContent/Icons/icon_ZL.ubulk" 618
"D:/Zibra/UnrealDemos/ZibraDemo427/Plugins/ZibraAILiquid/Content/ZibraLiquidContent/Icons/Liquid.uasset" 619
"D:/Zibra/UnrealDemos/ZibraDemo427/Plugins/ZibraAILiquid/Content/ZibraLiquidContent/Icons/Liquid.uexp" 620
"D:/Zibra/UnrealDemos/ZibraDemo427/Plugins/ZibraAILiquid/Content/ZibraLiquidContent/Icons/Liquid.ubulk" 621
"D:/Zibra/UnrealDemos/ZibraDemo427/Plugins/ZibraAILiquid/Content/ZibraLiquidContent/Icons/Void.uasset" 622
"D:/Zibra/UnrealDemos/ZibraDemo427/Plugins/ZibraAILiquid/Content/ZibraLiquidContent/Icons/Void.uexp" 623
"D:/Zibra/UnrealDemos/ZibraDemo427/Plugins/ZibraAILiquid/Content/ZibraLiquidContent/Icons/Void.ubulk" 624
"D:/Zibra/UnrealDemos/ZibraDemo427/Plugins/ZibraAILiquid/Content/ZibraLiquidContent/Icons/ZibraNeuralCollider.uasset" 625
"D:/Zibra/UnrealDemos/ZibraDemo427/Plugins/ZibraAILiquid/Content/ZibraLiquidContent/Icons/ZibraNeuralCollider.uexp" 626
"D:/Zibra/UnrealDemos/ZibraDemo427/Plugins/ZibraAILiquid/Content/ZibraLiquidContent/Icons/ZibraNeuralCollider.ubulk" 627
"D:/Zibra/UnrealDemos/ZibraDemo427/Content/Zibra/Meshes/Tube2.uasset" 628
"D:/Zibra/UnrealDemos/ZibraDemo427/Content/Zibra/Meshes/Tube2.uexp" 629
"D:/Zibra/UnrealDemos/ZibraDemo427/Content/Zibra/Meshes/Tube1.uasset" 630
"D:/Zibra/UnrealDemos/ZibraDemo427/Content/Zibra/Meshes/Tube1.uexp" 631
"D:/Zibra/UnrealDemos/ZibraDemo427/Content/Zibra/Meshes/CubeMaterial.uasset" 632
"D:/Zibra/UnrealDemos/ZibraDemo427/Content/Zibra/Meshes/CubeMaterial.uexp" 633
"D:/Zibra/UnrealDemos/ZibraDemo427/Content/Zibra/Meshes/TemplateFloor.uasset" 634
"D:/Zibra/UnrealDemos/ZibraDemo427/Content/Zibra/Meshes/TemplateFloor.uexp" 635
"D:/Zibra/UnrealDemos/ZibraDemo427/Content/Zibra/Meshes/RampMaterial.uasset" 636
"D:/Zibra/UnrealDemos/ZibraDemo427/Content/Zibra/Meshes/RampMaterial.uexp" 637
"D:/Zibra/UnrealDemos/ZibraDemo427/Content/Zibra/Meshes/RightArm_StaticMesh.uasset" 638
"D:/Zibra/UnrealDemos/ZibraDemo427/Content/Zibra/Meshes/RightArm_StaticMesh.uexp" 639
"D:/Zibra/UnrealDemos/ZibraDemo427/Content/Zibra/Meshes/Ramp_StaticMesh.uasset" 640
"D:/Zibra/UnrealDemos/ZibraDemo427/Content/Zibra/Meshes/Ramp_StaticMesh.uexp" 641
"D:/Zibra/UnrealDemos/ZibraDemo427/Content/Zibra/Meshes/Monkey.uasset" 642
"D:/Zibra/UnrealDemos/ZibraDemo427/Content/Zibra/Meshes/Monkey.uexp" 643
"D:/Zibra/UnrealDemos/ZibraDemo427/Content/Zibra/Meshes/Linear_Stair_StaticMesh.uasset" 644
"D:/Zibra/UnrealDemos/ZibraDemo427/Content/Zibra/Meshes/Linear_Stair_StaticMesh.uexp" 645
"D:/Zibra/UnrealDemos/ZibraDemo427/Content/Zibra/Meshes/LeftArm_StaticMesh.uasset" 646
"D:/Zibra/UnrealDemos/ZibraDemo427/Content/Zibra/Meshes/LeftArm_StaticMesh.uexp" 647
"D:/Zibra/UnrealDemos/ZibraDemo427/Content/Zibra/Meshes/Bump_StaticMesh.uasset" 648
"D:/Zibra/UnrealDemos/ZibraDemo427/Content/Zibra/Meshes/Bump_StaticMesh.uexp" 649
"D:/Zibra/UnrealDemos/ZibraDemo427/Content/Zibra/Meshes/1M_Cube.uasset" 650
"D:/Zibra/UnrealDemos/ZibraDemo427/Content/Zibra/Meshes/1M_Cube.uexp" 651
"../../../Engine/Content/EngineSky/T_Sky_Stars.uasset" 652
"../../../Engine/Content/EngineSky/T_Sky_Stars.uexp" 653
"../../../Engine/Content/EngineSky/T_Sky_Stars.ubulk" 654
"../../../Engine/Content/EngineSky/T_Sky_Clouds_M.uasset" 655
"../../../Engine/Content/EngineSky/T_Sky_Clouds_M.uexp" 656
"../../../Engine/Content/EngineSky/T_Sky_Clouds_M.ubulk" 657
"../../../Engine/Content/EngineSky/T_Sky_Blue.uasset" 658
"../../../Engine/Content/EngineSky/T_Sky_Blue.uexp" 659
"../../../Engine/Content/EngineSky/T_Sky_Blue.ubulk" 660
"../../../Engine/Content/BasicShapes/Cube.uasset" 661
"../../../Engine/Content/BasicShapes/Cube.uexp" 662
"D:/Zibra/UnrealDemos/ZibraDemo427/Content/Zibra/Materials/Glass.uasset" 663
"D:/Zibra/UnrealDemos/ZibraDemo427/Content/Zibra/Materials/Glass.uexp" 664
"D:/Zibra/UnrealDemos/ZibraDemo427/Content/Zibra/Materials/Glass_Inst.uasset" 665
"D:/Zibra/UnrealDemos/ZibraDemo427/Content/Zibra/Materials/Glass_Inst.uexp" 666
"../../../Engine/Content/EngineSky/M_Sky_Panning_Clouds2.uasset" 667
"../../../Engine/Content/EngineSky/M_Sky_Panning_Clouds2.uexp" 668
"D:/Zibra/UnrealDemos/ZibraDemo427/Content/Zibra/Maps/ZibraDemoMap_BuiltData.uasset" 669
"D:/Zibra/UnrealDemos/ZibraDemo427/Content/Zibra/Maps/ZibraDemoMap_BuiltData.uexp" 670
"D:/Zibra/UnrealDemos/ZibraDemo427/Content/Zibra/Maps/ZibraDemoMap_BuiltData.ubulk" 671
"../../../Engine/Content/EditorBlueprintResources/StandardMacros.uasset" 672
"../../../Engine/Content/EditorBlueprintResources/StandardMacros.uexp" 673
"../../../Engine/Content/EngineSky/SM_SkySphere.uasset" 674
"../../../Engine/Content/EngineSky/SM_SkySphere.uexp" 675
"../../../Engine/Content/EngineSky/C_Sky_Zenith_Color.uasset" 676
"../../../Engine/Content/EngineSky/C_Sky_Zenith_Color.uexp" 677
"../../../Engine/Content/EngineSky/C_Sky_Horizon_Color.uasset" 678
"../../../Engine/Content/EngineSky/C_Sky_Horizon_Color.uexp" 679
"../../../Engine/Content/EngineSky/C_Sky_Cloud_Color.uasset" 680
"../../../Engine/Content/EngineSky/C_Sky_Cloud_Color.uexp" 681
"../../../Engine/Content/EngineSky/BP_Sky_Sphere.uasset" 682
"../../../Engine/Content/EngineSky/BP_Sky_Sphere.uexp" 683
"D:/Zibra/UnrealDemos/ZibraDemo427/Content/Zibra/Blueprints/ZibraDemoUI.uasset" 684
"D:/Zibra/UnrealDemos/ZibraDemo427/Content/Zibra/Blueprints/ZibraDemoUI.uexp" 685
"D:/Zibra/UnrealDemos/ZibraDemo427/Content/Zibra/Blueprints/ZibraDemoBP.uasset" 686
"D:/Zibra/UnrealDemos/ZibraDemo427/Content/Zibra/Blueprints/ZibraDemoBP.uexp" 687
"../../../Engine/Content/BasicShapes/Sphere.uasset" 688
"../../../Engine/Content/BasicShapes/Sphere.uexp" 689
"../../../Engine/Content/BasicShapes/BasicShapeMaterial.uasset" 690
"../../../Engine/Content/BasicShapes/BasicShapeMaterial.uexp" 691
"D:/Zibra/UnrealDemos/ZibraDemo427/Content/Zibra/Mannequin/Character/Mesh/SK_Mannequin_PhysicsAsset.uasset" 692
"D:/Zibra/UnrealDemos/ZibraDemo427/Content/Zibra/Mannequin/Character/Mesh/SK_Mannequin_PhysicsAsset.uexp" 693
"D:/Zibra/UnrealDemos/ZibraDemo427/Content/Zibra/Mannequin/Character/Mesh/SK_Mannequin.uasset" 694
"D:/Zibra/UnrealDemos/ZibraDemo427/Content/Zibra/Mannequin/Character/Mesh/SK_Mannequin.uexp" 695
"../../../Engine/Content/Animation/DefaultAnimCurveCompressionSettings.uasset" 696
"../../../Engine/Content/Animation/DefaultAnimCurveCompressionSettings.uexp" 697
"../../../Engine/Content/Animation/DefaultAnimBoneCompressionSettings.uasset" 698
"../../../Engine/Content/Animation/DefaultAnimBoneCompressionSettings.uexp" 699
"D:/Zibra/UnrealDemos/ZibraDemo427/Content/Zibra/Mannequin/Animations/ThirdPersonWalk.uasset" 700
"D:/Zibra/UnrealDemos/ZibraDemo427/Content/Zibra/Mannequin/Animations/ThirdPersonWalk.uexp" 701
"D:/Zibra/UnrealDemos/ZibraDemo427/Content/Zibra/Mannequin/Animations/ThirdPersonRun.uasset" 702
"D:/Zibra/UnrealDemos/ZibraDemo427/Content/Zibra/Mannequin/Animations/ThirdPersonRun.uexp" 703
"D:/Zibra/UnrealDemos/ZibraDemo427/Content/Zibra/Mannequin/Animations/ThirdPersonIdle.uasset" 704
"D:/Zibra/UnrealDemos/ZibraDemo427/Content/Zibra/Mannequin/Animations/ThirdPersonIdle.uexp" 705
"D:/Zibra/UnrealDemos/ZibraDemo427/Content/Zibra/Mannequin/Animations/ThirdPerson_IdleRun_2D.uasset" 706
"D:/Zibra/UnrealDemos/ZibraDemo427/Content/Zibra/Mannequin/Animations/ThirdPerson_IdleRun_2D.uexp" 707
"D:/Zibra/UnrealDemos/ZibraDemo427/Content/Zibra/Mannequin/Animations/ThirdPerson_Jump.uasset" 708
"D:/Zibra/UnrealDemos/ZibraDemo427/Content/Zibra/Mannequin/Animations/ThirdPerson_Jump.uexp" 709
"D:/Zibra/UnrealDemos/ZibraDemo427/Content/Zibra/Mannequin/Animations/ThirdPersonJump_Start.uasset" 710
"D:/Zibra/UnrealDemos/ZibraDemo427/Content/Zibra/Mannequin/Animations/ThirdPersonJump_Start.uexp" 711
"D:/Zibra/UnrealDemos/ZibraDemo427/Content/Zibra/Mannequin/Animations/ThirdPersonJump_Loop.uasset" 712
"D:/Zibra/UnrealDemos/ZibraDemo427/Content/Zibra/Mannequin/Animations/ThirdPersonJump_Loop.uexp" 713
"D:/Zibra/UnrealDemos/ZibraDemo427/Content/Zibra/Mannequin/Animations/ThirdPerson_AnimBP.uasset" 714
"D:/Zibra/UnrealDemos/ZibraDemo427/Content/Zibra/Mannequin/Animations/ThirdPerson_AnimBP.uexp" 715
"D:/Zibra/UnrealDemos/ZibraDemo427/Content/Zibra/Blueprints/ThirdPersonCharacter.uasset" 716
"D:/Zibra/UnrealDemos/ZibraDemo427/Content/Zibra/Blueprints/ThirdPersonCharacter.uexp" 717
"D:/Zibra/UnrealDemos/ZibraDemo427/Content/Zibra/Maps/ZibraDemoMap.uexp" 718
"D:/Zibra/UnrealDemos/ZibraDemo427/Content/Zibra/Maps/ZibraDemoMap.umap" 719
"../../../Engine/Content/Maps/Entry_BuiltData.uasset" 720
"../../../Engine/Content/Maps/Entry_BuiltData.uexp" 721
"../../../Engine/Content/Maps/Entry.uexp" 722
"../../../Engine/Content/Maps/Entry.umap" 723
